  [1m[35m (168.4ms)[0m  [1m[35mCREATE DATABASE "CamClickr_development" ENCODING = 'unicode'[0m
  ↳ bin/rails:9
  [1m[35m (67.1ms)[0m  [1m[35mCREATE DATABASE "CamClickr_test" ENCODING = 'unicode'[0m
  ↳ bin/rails:9
  [1m[35m (6.2ms)[0m  [1m[35mCREATE TABLE "schema_migrations" ("version" character varying NOT NULL PRIMARY KEY)[0m
  ↳ bin/rails:9
  [1m[35m (25.1ms)[0m  [1m[35mCREATE TABLE "ar_internal_metadata" ("key" character varying NOT NULL PRIMARY KEY, "value" character varying, "created_at" timestamp NOT NULL, "updated_at" timestamp NOT NULL)[0m
  ↳ bin/rails:9
  [1m[35m (0.2ms)[0m  [1m[34mSELECT pg_try_advisory_lock(1283834660985165555)[0m
  ↳ bin/rails:9
  [1m[35m (0.6ms)[0m  [1m[34mSELECT "schema_migrations"."version" FROM "schema_migrations" ORDER BY "schema_migrations"."version" ASC[0m
  ↳ bin/rails:9
Migrating to CreateUsers (20201116170558)
  [1m[35m (0.1ms)[0m  [1m[35mBEGIN[0m
  ↳ bin/rails:9
  [1m[35m (23.0ms)[0m  [1m[35mCREATE TABLE "users" ("id" bigserial primary key, "session_token" character varying NOT NULL, "password_digest" character varying NOT NULL, "username" character varying NOT NULL, "email" character varying NOT NULL, "created_at" timestamp NOT NULL, "updated_at" timestamp NOT NULL)[0m
  ↳ db/migrate/20201116170558_create_users.rb:3
  [1m[36mActiveRecord::SchemaMigration Create (0.6ms)[0m  [1m[32mINSERT INTO "schema_migrations" ("version") VALUES ($1) RETURNING "version"[0m  [["version", "20201116170558"]]
  ↳ bin/rails:9
  [1m[35m (0.4ms)[0m  [1m[35mCOMMIT[0m
  ↳ bin/rails:9
  [1m[36mActiveRecord::InternalMetadata Load (0.5ms)[0m  [1m[34mSELECT  "ar_internal_metadata".* FROM "ar_internal_metadata" WHERE "ar_internal_metadata"."key" = $1 LIMIT $2[0m  [["key", "environment"], ["LIMIT", 1]]
  ↳ bin/rails:9
  [1m[35m (0.1ms)[0m  [1m[35mBEGIN[0m
  ↳ bin/rails:9
  [1m[36mActiveRecord::InternalMetadata Create (0.5ms)[0m  [1m[32mINSERT INTO "ar_internal_metadata" ("key", "value", "created_at", "updated_at") VALUES ($1, $2, $3, $4) RETURNING "key"[0m  [["key", "environment"], ["value", "development"], ["created_at", "2020-11-16 17:11:12.771298"], ["updated_at", "2020-11-16 17:11:12.771298"]]
  ↳ bin/rails:9
  [1m[35m (5.9ms)[0m  [1m[35mCOMMIT[0m
  ↳ bin/rails:9
  [1m[35m (0.3ms)[0m  [1m[34mSELECT pg_advisory_unlock(1283834660985165555)[0m
  ↳ bin/rails:9
  [1m[35m (0.7ms)[0m  [1m[34mSELECT "schema_migrations"."version" FROM "schema_migrations" ORDER BY "schema_migrations"."version" ASC[0m
  ↳ bin/rails:9
  [1m[35m (0.2ms)[0m  [1m[34mSELECT pg_try_advisory_lock(1283834660985165555)[0m
  ↳ bin/rails:9
  [1m[35m (1.8ms)[0m  [1m[34mSELECT "schema_migrations"."version" FROM "schema_migrations" ORDER BY "schema_migrations"."version" ASC[0m
  ↳ bin/rails:9
Migrating to AddIndicesToUsers (20201116175934)
  [1m[35m (0.2ms)[0m  [1m[35mBEGIN[0m
  ↳ bin/rails:9
  [1m[35m (2.3ms)[0m  [1m[35mCREATE UNIQUE INDEX  "index_users_on_username" ON "users"  ("username")[0m
  ↳ db/migrate/20201116175934_add_indices_to_users.rb:3
  [1m[35m (1.1ms)[0m  [1m[35mCREATE UNIQUE INDEX  "index_users_on_email" ON "users"  ("email")[0m
  ↳ db/migrate/20201116175934_add_indices_to_users.rb:4
  [1m[36mActiveRecord::SchemaMigration Create (0.4ms)[0m  [1m[32mINSERT INTO "schema_migrations" ("version") VALUES ($1) RETURNING "version"[0m  [["version", "20201116175934"]]
  ↳ bin/rails:9
  [1m[35m (0.4ms)[0m  [1m[35mCOMMIT[0m
  ↳ bin/rails:9
  [1m[36mActiveRecord::InternalMetadata Load (6.5ms)[0m  [1m[34mSELECT  "ar_internal_metadata".* FROM "ar_internal_metadata" WHERE "ar_internal_metadata"."key" = $1 LIMIT $2[0m  [["key", "environment"], ["LIMIT", 1]]
  ↳ bin/rails:9
  [1m[35m (0.2ms)[0m  [1m[35mBEGIN[0m
  ↳ bin/rails:9
  [1m[35m (0.1ms)[0m  [1m[35mCOMMIT[0m
  ↳ bin/rails:9
  [1m[35m (0.2ms)[0m  [1m[34mSELECT pg_advisory_unlock(1283834660985165555)[0m
  ↳ bin/rails:9
  [1m[35m (0.3ms)[0m  [1m[34mSELECT "schema_migrations"."version" FROM "schema_migrations" ORDER BY "schema_migrations"."version" ASC[0m
  ↳ bin/rails:9
Started GET "/" for ::1 at 2020-11-16 10:12:42 -0800
  [1m[35m (2.4ms)[0m  [1m[34mSELECT "schema_migrations"."version" FROM "schema_migrations" ORDER BY "schema_migrations"."version" ASC[0m
  ↳ /Users/jlimaginationav2pro/.rbenv/versions/2.5.1/lib/ruby/gems/2.5.0/gems/activerecord-5.2.4.4/lib/active_record/log_subscriber.rb:98
Processing by StaticPagesController#root as HTML
  Rendering static_pages/root.html.erb within layouts/application
  Rendered static_pages/root.html.erb within layouts/application (3.1ms)
Completed 200 OK in 2290ms (Views: 2244.8ms | ActiveRecord: 0.0ms)


Started GET "/" for ::1 at 2020-11-16 10:17:15 -0800
Processing by StaticPagesController#root as HTML
  Rendering static_pages/root.html.erb within layouts/application
  Rendered static_pages/root.html.erb within layouts/application (0.4ms)
Completed 200 OK in 292ms (Views: 288.9ms | ActiveRecord: 0.0ms)


Started GET "/" for ::1 at 2020-11-16 11:20:39 -0800
Processing by StaticPagesController#root as HTML
  Rendering static_pages/root.html.erb within layouts/application
  Rendered static_pages/root.html.erb within layouts/application (0.3ms)
Completed 200 OK in 456ms (Views: 453.0ms | ActiveRecord: 0.0ms)


Started GET "/" for ::1 at 2020-11-16 11:20:56 -0800
Processing by StaticPagesController#root as HTML
  Rendering static_pages/root.html.erb within layouts/application
  Rendered static_pages/root.html.erb within layouts/application (0.4ms)
Completed 200 OK in 637ms (Views: 632.5ms | ActiveRecord: 0.0ms)


Started GET "/" for ::1 at 2020-11-16 11:21:21 -0800
Processing by StaticPagesController#root as HTML
  Rendering static_pages/root.html.erb within layouts/application
  Rendered static_pages/root.html.erb within layouts/application (0.5ms)
Completed 200 OK in 532ms (Views: 526.7ms | ActiveRecord: 0.0ms)


Started GET "/" for ::1 at 2020-11-16 11:26:48 -0800
Processing by StaticPagesController#root as HTML
  Rendering static_pages/root.html.erb within layouts/application
  Rendered static_pages/root.html.erb within layouts/application (0.3ms)
Completed 200 OK in 340ms (Views: 337.0ms | ActiveRecord: 0.0ms)


Started GET "/" for ::1 at 2020-11-16 11:29:17 -0800
Processing by StaticPagesController#root as HTML
  Rendering static_pages/root.html.erb within layouts/application
  Rendered static_pages/root.html.erb within layouts/application (0.2ms)
Completed 200 OK in 468ms (Views: 465.0ms | ActiveRecord: 0.0ms)


Started GET "/" for ::1 at 2020-11-16 11:34:11 -0800
Processing by StaticPagesController#root as HTML
  Rendering static_pages/root.html.erb within layouts/application
  Rendered static_pages/root.html.erb within layouts/application (0.3ms)
Completed 200 OK in 456ms (Views: 453.3ms | ActiveRecord: 0.0ms)


Started GET "/" for ::1 at 2020-11-16 11:34:59 -0800
Processing by StaticPagesController#root as HTML
  Rendering static_pages/root.html.erb within layouts/application
  Rendered static_pages/root.html.erb within layouts/application (0.4ms)
Completed 500 Internal Server Error in 43ms (ActiveRecord: 0.0ms)



Sprockets::FileNotFound - couldn't find file 'jquery' with type 'application/javascript'
Checked in these paths: 
  /Users/jlimaginationav2pro/Desktop/FullStack/CamClickr/app/assets/config
  /Users/jlimaginationav2pro/Desktop/FullStack/CamClickr/app/assets/images
  /Users/jlimaginationav2pro/Desktop/FullStack/CamClickr/app/assets/javascripts
  /Users/jlimaginationav2pro/Desktop/FullStack/CamClickr/app/assets/stylesheets
  /Users/jlimaginationav2pro/.rbenv/versions/2.5.1/lib/ruby/gems/2.5.0/gems/coffee-rails-4.2.2/lib/assets/javascripts
  /Users/jlimaginationav2pro/.rbenv/versions/2.5.1/lib/ruby/gems/2.5.0/gems/actioncable-5.2.4.4/lib/assets/compiled
  /Users/jlimaginationav2pro/.rbenv/versions/2.5.1/lib/ruby/gems/2.5.0/gems/activestorage-5.2.4.4/app/assets/javascripts
  /Users/jlimaginationav2pro/.rbenv/versions/2.5.1/lib/ruby/gems/2.5.0/gems/actionview-5.2.4.4/lib/assets/compiled
  /Users/jlimaginationav2pro/.rbenv/versions/2.5.1/lib/ruby/gems/2.5.0/gems/turbolinks-source-5.2.0/lib/assets/javascripts
  /Users/jlimaginationav2pro/Desktop/FullStack/CamClickr/node_modules:
  app/views/layouts/application.html.erb:9:in `_app_views_layouts_application_html_erb___60467481074227046_70318719271180'

Started POST "/__better_errors/61fb4fa72a448700/variables" for ::1 at 2020-11-16 11:35:00 -0800
Started GET "/" for ::1 at 2020-11-16 11:37:00 -0800
  [1m[35m (3.8ms)[0m  [1m[34mSELECT "schema_migrations"."version" FROM "schema_migrations" ORDER BY "schema_migrations"."version" ASC[0m
  ↳ /Users/jlimaginationav2pro/.rbenv/versions/2.5.1/lib/ruby/gems/2.5.0/gems/activerecord-5.2.4.4/lib/active_record/log_subscriber.rb:98
Processing by StaticPagesController#root as HTML
  Rendering static_pages/root.html.erb within layouts/application
  Rendered static_pages/root.html.erb within layouts/application (1.4ms)
Completed 200 OK in 1577ms (Views: 1570.6ms | ActiveRecord: 0.0ms)


Started POST "/api/users" for ::1 at 2020-11-16 11:37:10 -0800
Processing by Api::UsersController#create as JSON
  Parameters: {"user"=>{"username"=>"italo", "email"=>"italo@mail.com", "password"=>"[FILTERED]"}}
Completed 500 Internal Server Error in 21ms (ActiveRecord: 3.2ms)



NoMethodError - undefined method `ater_initialize' for #<Class:0x00007fc78683c5c0>
Did you mean?  after_initialize:
  app/models/user.rb:8:in `<class:User>'
  app/models/user.rb:1:in `<top (required)>'
  app/controllers/api/users_controller.rb:7:in `create'

Started GET "/" for ::1 at 2020-11-16 11:37:31 -0800
Processing by StaticPagesController#root as HTML
  Rendering static_pages/root.html.erb within layouts/application
  Rendered static_pages/root.html.erb within layouts/application (0.3ms)
Completed 200 OK in 37ms (Views: 34.4ms | ActiveRecord: 0.0ms)


Started POST "/api/users" for ::1 at 2020-11-16 11:37:35 -0800
Processing by Api::UsersController#create as JSON
  Parameters: {"user"=>{"username"=>"italo", "email"=>"italo@mail.com", "password"=>"[FILTERED]"}}
Completed 500 Internal Server Error in 22ms (ActiveRecord: 4.1ms)



NoMethodError - undefined method `attr_Reader' for #<Class:0x00007fc783c8f698>
Did you mean?  cattr_reader
               mattr_reader:
  app/models/user.rb:9:in `<class:User>'
  app/models/user.rb:1:in `<top (required)>'
  app/controllers/api/users_controller.rb:7:in `create'

Started GET "/" for ::1 at 2020-11-16 11:38:04 -0800
Processing by StaticPagesController#root as HTML
  Rendering static_pages/root.html.erb within layouts/application
  Rendered static_pages/root.html.erb within layouts/application (0.3ms)
Completed 200 OK in 49ms (Views: 45.8ms | ActiveRecord: 0.0ms)


Started POST "/api/users" for ::1 at 2020-11-16 11:38:08 -0800
Processing by Api::UsersController#create as JSON
  Parameters: {"user"=>{"username"=>"italo", "email"=>"italo@mail.com", "password"=>"[FILTERED]"}}
  [1m[35m (0.2ms)[0m  [1m[35mBEGIN[0m
  ↳ app/controllers/api/users_controller.rb:8
  [1m[36mUser Exists (25.3ms)[0m  [1m[34mSELECT  1 AS one FROM "users" WHERE "users"."username" = $1 LIMIT $2[0m  [["username", "italo"], ["LIMIT", 1]]
  ↳ app/controllers/api/users_controller.rb:8
  [1m[36mUser Exists (0.5ms)[0m  [1m[34mSELECT  1 AS one FROM "users" WHERE "users"."email" = $1 LIMIT $2[0m  [["email", "italo@mail.com"], ["LIMIT", 1]]
  ↳ app/controllers/api/users_controller.rb:8
  [1m[36mUser Exists (0.8ms)[0m  [1m[34mSELECT  1 AS one FROM "users" WHERE "users"."session_token" = $1 LIMIT $2[0m  [["session_token", "_AgVz94YQ9DoFVK8g8FaRg"], ["LIMIT", 1]]
  ↳ app/controllers/api/users_controller.rb:8
  [1m[36mUser Create (2.3ms)[0m  [1m[32mINSERT INTO "users" ("session_token", "password_digest", "username", "email", "created_at", "updated_at") VALUES ($1, $2, $3, $4, $5, $6) RETURNING "id"[0m  [["session_token", "_AgVz94YQ9DoFVK8g8FaRg"], ["password_digest", "$2a$12$.dT/fY9ZDRONvALKHgUGF.BAxoQG04.vtFciGBZEWmWQq106f80CG"], ["username", "italo"], ["email", "italo@mail.com"], ["created_at", "2020-11-16 19:38:08.357374"], ["updated_at", "2020-11-16 19:38:08.357374"]]
  ↳ app/controllers/api/users_controller.rb:8
  [1m[35m (0.8ms)[0m  [1m[35mCOMMIT[0m
  ↳ app/controllers/api/users_controller.rb:8
  [1m[35m (0.2ms)[0m  [1m[35mBEGIN[0m
  ↳ app/models/user.rb:28
  [1m[36mUser Exists (0.8ms)[0m  [1m[34mSELECT  1 AS one FROM "users" WHERE "users"."username" = $1 AND "users"."id" != $2 LIMIT $3[0m  [["username", "italo"], ["id", 1], ["LIMIT", 1]]
  ↳ app/models/user.rb:28
  [1m[36mUser Exists (0.3ms)[0m  [1m[34mSELECT  1 AS one FROM "users" WHERE "users"."email" = $1 AND "users"."id" != $2 LIMIT $3[0m  [["email", "italo@mail.com"], ["id", 1], ["LIMIT", 1]]
  ↳ app/models/user.rb:28
  [1m[36mUser Exists (0.3ms)[0m  [1m[34mSELECT  1 AS one FROM "users" WHERE "users"."session_token" = $1 AND "users"."id" != $2 LIMIT $3[0m  [["session_token", "H_iyuT3zM5iKOCaJ_JNToQ"], ["id", 1], ["LIMIT", 1]]
  ↳ app/models/user.rb:28
  [1m[36mUser Update (0.5ms)[0m  [1m[33mUPDATE "users" SET "session_token" = $1, "updated_at" = $2 WHERE "users"."id" = $3[0m  [["session_token", "H_iyuT3zM5iKOCaJ_JNToQ"], ["updated_at", "2020-11-16 19:38:08.367763"], ["id", 1]]
  ↳ app/models/user.rb:28
  [1m[35m (0.3ms)[0m  [1m[35mCOMMIT[0m
  ↳ app/models/user.rb:28
  Rendering api/users/show.json.jbuilder
  Rendered api/users/show.json.jbuilder (0.5ms)
Completed 200 OK in 398ms (Views: 10.6ms | ActiveRecord: 41.5ms)


Started GET "/" for ::1 at 2020-11-16 11:38:39 -0800
Processing by StaticPagesController#root as HTML
  Rendering static_pages/root.html.erb within layouts/application
  Rendered static_pages/root.html.erb within layouts/application (0.3ms)
Completed 200 OK in 33ms (Views: 28.8ms | ActiveRecord: 0.0ms)


  [1m[36mUser Load (0.9ms)[0m  [1m[34mSELECT "users".* FROM "users"[0m
  [1m[36mUser Load (0.5ms)[0m  [1m[34mSELECT "users".* FROM "users"[0m
  [1m[35m (0.1ms)[0m  [1m[35mBEGIN[0m
  [1m[36mUser Destroy (0.5ms)[0m  [1m[31mDELETE FROM "users" WHERE "users"."id" = $1[0m  [["id", 1]]
  [1m[35m (0.8ms)[0m  [1m[35mCOMMIT[0m
  [1m[36mUser Load (0.4ms)[0m  [1m[34mSELECT "users".* FROM "users"[0m
Started POST "/api/users" for ::1 at 2020-11-16 11:39:50 -0800
Processing by Api::UsersController#create as JSON
  Parameters: {"user"=>{"username"=>"italo", "email"=>"italo@mail.com", "password"=>"[FILTERED]"}}
  [1m[35m (0.2ms)[0m  [1m[35mBEGIN[0m
  ↳ app/controllers/api/users_controller.rb:8
  [1m[36mUser Exists (0.5ms)[0m  [1m[34mSELECT  1 AS one FROM "users" WHERE "users"."username" = $1 LIMIT $2[0m  [["username", "italo"], ["LIMIT", 1]]
  ↳ app/controllers/api/users_controller.rb:8
  [1m[36mUser Exists (0.2ms)[0m  [1m[34mSELECT  1 AS one FROM "users" WHERE "users"."email" = $1 LIMIT $2[0m  [["email", "italo@mail.com"], ["LIMIT", 1]]
  ↳ app/controllers/api/users_controller.rb:8
  [1m[36mUser Exists (0.3ms)[0m  [1m[34mSELECT  1 AS one FROM "users" WHERE "users"."session_token" = $1 LIMIT $2[0m  [["session_token", "CvL4ZLYntmxCWc_XqZcplw"], ["LIMIT", 1]]
  ↳ app/controllers/api/users_controller.rb:8
  [1m[36mUser Create (0.4ms)[0m  [1m[32mINSERT INTO "users" ("session_token", "password_digest", "username", "email", "created_at", "updated_at") VALUES ($1, $2, $3, $4, $5, $6) RETURNING "id"[0m  [["session_token", "CvL4ZLYntmxCWc_XqZcplw"], ["password_digest", "$2a$12$u1w.J0QaMLTWWIgdnxqpFuX6L3XBZtjsfbR/cCwG8WJS4KRmMuGvy"], ["username", "italo"], ["email", "italo@mail.com"], ["created_at", "2020-11-16 19:39:50.487025"], ["updated_at", "2020-11-16 19:39:50.487025"]]
  ↳ app/controllers/api/users_controller.rb:8
  [1m[35m (0.8ms)[0m  [1m[35mCOMMIT[0m
  ↳ app/controllers/api/users_controller.rb:8
  [1m[35m (0.1ms)[0m  [1m[35mBEGIN[0m
  ↳ app/models/user.rb:28
  [1m[36mUser Exists (0.3ms)[0m  [1m[34mSELECT  1 AS one FROM "users" WHERE "users"."username" = $1 AND "users"."id" != $2 LIMIT $3[0m  [["username", "italo"], ["id", 2], ["LIMIT", 1]]
  ↳ app/models/user.rb:28
  [1m[36mUser Exists (0.3ms)[0m  [1m[34mSELECT  1 AS one FROM "users" WHERE "users"."email" = $1 AND "users"."id" != $2 LIMIT $3[0m  [["email", "italo@mail.com"], ["id", 2], ["LIMIT", 1]]
  ↳ app/models/user.rb:28
  [1m[36mUser Exists (0.3ms)[0m  [1m[34mSELECT  1 AS one FROM "users" WHERE "users"."session_token" = $1 AND "users"."id" != $2 LIMIT $3[0m  [["session_token", "cMXPfKW66naZygP6Pu1eEw"], ["id", 2], ["LIMIT", 1]]
  ↳ app/models/user.rb:28
  [1m[36mUser Update (0.5ms)[0m  [1m[33mUPDATE "users" SET "session_token" = $1, "updated_at" = $2 WHERE "users"."id" = $3[0m  [["session_token", "cMXPfKW66naZygP6Pu1eEw"], ["updated_at", "2020-11-16 19:39:50.492366"], ["id", 2]]
  ↳ app/models/user.rb:28
  [1m[35m (0.3ms)[0m  [1m[35mCOMMIT[0m
  ↳ app/models/user.rb:28
  Rendering api/users/show.json.jbuilder
  Rendered api/users/show.json.jbuilder (0.4ms)
Completed 200 OK in 276ms (Views: 7.5ms | ActiveRecord: 4.3ms)


Started GET "/" for ::1 at 2020-11-16 11:42:15 -0800
Processing by StaticPagesController#root as HTML
  Rendering static_pages/root.html.erb within layouts/application
  Rendered static_pages/root.html.erb within layouts/application (0.4ms)
Completed 200 OK in 439ms (Views: 433.4ms | ActiveRecord: 0.0ms)


Started POST "/api/users" for ::1 at 2020-11-16 11:42:44 -0800
Processing by Api::UsersController#create as JSON
  Parameters: {"user"=>{"username"=>"italo", "email"=>"italo@mail.com", "password"=>"[FILTERED]"}}
  [1m[35m (0.2ms)[0m  [1m[35mBEGIN[0m
  ↳ app/controllers/api/users_controller.rb:8
  [1m[36mUser Exists (0.4ms)[0m  [1m[34mSELECT  1 AS one FROM "users" WHERE "users"."username" = $1 LIMIT $2[0m  [["username", "italo"], ["LIMIT", 1]]
  ↳ app/controllers/api/users_controller.rb:8
  [1m[36mUser Exists (0.5ms)[0m  [1m[34mSELECT  1 AS one FROM "users" WHERE "users"."email" = $1 LIMIT $2[0m  [["email", "italo@mail.com"], ["LIMIT", 1]]
  ↳ app/controllers/api/users_controller.rb:8
  [1m[36mUser Exists (0.3ms)[0m  [1m[34mSELECT  1 AS one FROM "users" WHERE "users"."session_token" = $1 LIMIT $2[0m  [["session_token", "NuwD8h2c9fT-AJTJgapIdw"], ["LIMIT", 1]]
  ↳ app/controllers/api/users_controller.rb:8
  [1m[35m (0.2ms)[0m  [1m[31mROLLBACK[0m
  ↳ app/controllers/api/users_controller.rb:8
Completed 422 Unprocessable Entity in 278ms (ActiveRecord: 1.6ms)



ActiveRecord::RecordInvalid - Validation failed: Username has already been taken, Email has already been taken:
  app/controllers/api/users_controller.rb:8:in `create'

  [1m[36mUser Load (1.1ms)[0m  [1m[34mSELECT "users".* FROM "users"[0m
  [1m[36mUser Load (0.5ms)[0m  [1m[34mSELECT "users".* FROM "users"[0m
  [1m[35m (0.1ms)[0m  [1m[35mBEGIN[0m
  [1m[36mUser Destroy (0.6ms)[0m  [1m[31mDELETE FROM "users" WHERE "users"."id" = $1[0m  [["id", 2]]
  [1m[35m (0.9ms)[0m  [1m[35mCOMMIT[0m
Started GET "/" for ::1 at 2020-11-16 11:43:09 -0800
Processing by StaticPagesController#root as HTML
  Rendering static_pages/root.html.erb within layouts/application
  Rendered static_pages/root.html.erb within layouts/application (0.5ms)
Completed 200 OK in 36ms (Views: 30.7ms | ActiveRecord: 0.0ms)


  [1m[36mUser Load (0.4ms)[0m  [1m[34mSELECT "users".* FROM "users"[0m
Started POST "/api/users" for ::1 at 2020-11-16 11:43:22 -0800
Processing by Api::UsersController#create as JSON
  Parameters: {"user"=>{"username"=>"italo", "email"=>"italo@mail.com", "password"=>"[FILTERED]"}}
  [1m[35m (0.2ms)[0m  [1m[35mBEGIN[0m
  ↳ app/controllers/api/users_controller.rb:8
  [1m[36mUser Exists (0.4ms)[0m  [1m[34mSELECT  1 AS one FROM "users" WHERE "users"."username" = $1 LIMIT $2[0m  [["username", "italo"], ["LIMIT", 1]]
  ↳ app/controllers/api/users_controller.rb:8
  [1m[36mUser Exists (0.4ms)[0m  [1m[34mSELECT  1 AS one FROM "users" WHERE "users"."email" = $1 LIMIT $2[0m  [["email", "italo@mail.com"], ["LIMIT", 1]]
  ↳ app/controllers/api/users_controller.rb:8
  [1m[36mUser Exists (0.2ms)[0m  [1m[34mSELECT  1 AS one FROM "users" WHERE "users"."session_token" = $1 LIMIT $2[0m  [["session_token", "134epL7EsaBiFgM6FAGX2g"], ["LIMIT", 1]]
  ↳ app/controllers/api/users_controller.rb:8
  [1m[36mUser Create (0.4ms)[0m  [1m[32mINSERT INTO "users" ("session_token", "password_digest", "username", "email", "created_at", "updated_at") VALUES ($1, $2, $3, $4, $5, $6) RETURNING "id"[0m  [["session_token", "134epL7EsaBiFgM6FAGX2g"], ["password_digest", "$2a$12$RIDpIeUhuvmd5HcRdP8U1.QLkCyTWLnhgXN0QRoZS1S1zkjQB..Xq"], ["username", "italo"], ["email", "italo@mail.com"], ["created_at", "2020-11-16 19:43:22.390256"], ["updated_at", "2020-11-16 19:43:22.390256"]]
  ↳ app/controllers/api/users_controller.rb:8
  [1m[35m (0.8ms)[0m  [1m[35mCOMMIT[0m
  ↳ app/controllers/api/users_controller.rb:8
  [1m[35m (0.1ms)[0m  [1m[35mBEGIN[0m
  ↳ app/models/user.rb:28
  [1m[36mUser Exists (0.3ms)[0m  [1m[34mSELECT  1 AS one FROM "users" WHERE "users"."username" = $1 AND "users"."id" != $2 LIMIT $3[0m  [["username", "italo"], ["id", 3], ["LIMIT", 1]]
  ↳ app/models/user.rb:28
  [1m[36mUser Exists (0.4ms)[0m  [1m[34mSELECT  1 AS one FROM "users" WHERE "users"."email" = $1 AND "users"."id" != $2 LIMIT $3[0m  [["email", "italo@mail.com"], ["id", 3], ["LIMIT", 1]]
  ↳ app/models/user.rb:28
  [1m[36mUser Exists (0.4ms)[0m  [1m[34mSELECT  1 AS one FROM "users" WHERE "users"."session_token" = $1 AND "users"."id" != $2 LIMIT $3[0m  [["session_token", "N_4uSRwdOADPzpW8YkFcLA"], ["id", 3], ["LIMIT", 1]]
  ↳ app/models/user.rb:28
  [1m[36mUser Update (0.4ms)[0m  [1m[33mUPDATE "users" SET "session_token" = $1, "updated_at" = $2 WHERE "users"."id" = $3[0m  [["session_token", "N_4uSRwdOADPzpW8YkFcLA"], ["updated_at", "2020-11-16 19:43:22.396518"], ["id", 3]]
  ↳ app/models/user.rb:28
  [1m[35m (0.3ms)[0m  [1m[35mCOMMIT[0m
  ↳ app/models/user.rb:28
  Rendering api/users/show.json.jbuilder
  Rendered api/users/show.json.jbuilder (0.4ms)
Completed 200 OK in 273ms (Views: 7.6ms | ActiveRecord: 4.3ms)


Started GET "/" for ::1 at 2020-11-16 11:46:55 -0800
Processing by StaticPagesController#root as HTML
  Rendering static_pages/root.html.erb within layouts/application
  Rendered static_pages/root.html.erb within layouts/application (0.4ms)
Completed 200 OK in 41ms (Views: 38.3ms | ActiveRecord: 0.0ms)


Started GET "/" for ::1 at 2020-11-16 11:47:08 -0800
Processing by StaticPagesController#root as HTML
  Rendering static_pages/root.html.erb within layouts/application
  Rendered static_pages/root.html.erb within layouts/application (0.3ms)
Completed 200 OK in 532ms (Views: 529.0ms | ActiveRecord: 0.0ms)


Started POST "/api/session" for ::1 at 2020-11-16 11:47:54 -0800
Processing by Api::SessionsController#create as JSON
  Parameters: {"user"=>{"username"=>"italo", "password"=>"[FILTERED]"}}
  [1m[36mUser Load (0.3ms)[0m  [1m[34mSELECT  "users".* FROM "users" WHERE "users"."username" = $1 LIMIT $2[0m  [["username", "italo"], ["LIMIT", 1]]
  ↳ app/models/user.rb:12
  [1m[35m (0.2ms)[0m  [1m[35mBEGIN[0m
  ↳ app/models/user.rb:28
  [1m[36mUser Exists (0.4ms)[0m  [1m[34mSELECT  1 AS one FROM "users" WHERE "users"."username" = $1 AND "users"."id" != $2 LIMIT $3[0m  [["username", "italo"], ["id", 3], ["LIMIT", 1]]
  ↳ app/models/user.rb:28
  [1m[36mUser Exists (0.3ms)[0m  [1m[34mSELECT  1 AS one FROM "users" WHERE "users"."email" = $1 AND "users"."id" != $2 LIMIT $3[0m  [["email", "italo@mail.com"], ["id", 3], ["LIMIT", 1]]
  ↳ app/models/user.rb:28
  [1m[36mUser Exists (0.4ms)[0m  [1m[34mSELECT  1 AS one FROM "users" WHERE "users"."session_token" = $1 AND "users"."id" != $2 LIMIT $3[0m  [["session_token", "7gmdGs9QUBF_zpPdUoCOwA"], ["id", 3], ["LIMIT", 1]]
  ↳ app/models/user.rb:28
  [1m[36mUser Update (0.5ms)[0m  [1m[33mUPDATE "users" SET "session_token" = $1, "updated_at" = $2 WHERE "users"."id" = $3[0m  [["session_token", "7gmdGs9QUBF_zpPdUoCOwA"], ["updated_at", "2020-11-16 19:47:54.662599"], ["id", 3]]
  ↳ app/models/user.rb:28
  [1m[35m (0.8ms)[0m  [1m[35mCOMMIT[0m
  ↳ app/models/user.rb:28
  Rendering api/users/show.json.jbuilder
  Rendered api/users/show.json.jbuilder (0.4ms)
Completed 200 OK in 270ms (Views: 8.1ms | ActiveRecord: 3.1ms)


Started DELETE "/api/session" for ::1 at 2020-11-16 11:48:11 -0800
Processing by Api::SessionsController#destroy as JSON
  [1m[36mUser Load (0.4ms)[0m  [1m[34mSELECT  "users".* FROM "users" WHERE "users"."session_token" = $1 LIMIT $2[0m  [["session_token", "7gmdGs9QUBF_zpPdUoCOwA"], ["LIMIT", 1]]
  ↳ app/controllers/application_controller.rb:3
  [1m[35m (0.2ms)[0m  [1m[35mBEGIN[0m
  ↳ app/models/user.rb:28
  [1m[36mUser Exists (0.4ms)[0m  [1m[34mSELECT  1 AS one FROM "users" WHERE "users"."username" = $1 AND "users"."id" != $2 LIMIT $3[0m  [["username", "italo"], ["id", 3], ["LIMIT", 1]]
  ↳ app/models/user.rb:28
  [1m[36mUser Exists (0.4ms)[0m  [1m[34mSELECT  1 AS one FROM "users" WHERE "users"."email" = $1 AND "users"."id" != $2 LIMIT $3[0m  [["email", "italo@mail.com"], ["id", 3], ["LIMIT", 1]]
  ↳ app/models/user.rb:28
  [1m[36mUser Exists (0.3ms)[0m  [1m[34mSELECT  1 AS one FROM "users" WHERE "users"."session_token" = $1 AND "users"."id" != $2 LIMIT $3[0m  [["session_token", "JcG8wOeTQA4Z6Tv9E9Q2QA"], ["id", 3], ["LIMIT", 1]]
  ↳ app/models/user.rb:28
  [1m[36mUser Update (0.5ms)[0m  [1m[33mUPDATE "users" SET "session_token" = $1, "updated_at" = $2 WHERE "users"."id" = $3[0m  [["session_token", "JcG8wOeTQA4Z6Tv9E9Q2QA"], ["updated_at", "2020-11-16 19:48:11.695236"], ["id", 3]]
  ↳ app/models/user.rb:28
  [1m[35m (0.7ms)[0m  [1m[35mCOMMIT[0m
  ↳ app/models/user.rb:28
Completed 200 OK in 11ms (Views: 0.1ms | ActiveRecord: 3.0ms)


  [1m[36mUser Load (1.2ms)[0m  [1m[34mSELECT "users".* FROM "users"[0m
  [1m[35m (0.2ms)[0m  [1m[35mBEGIN[0m
  [1m[36mUser Destroy (0.6ms)[0m  [1m[31mDELETE FROM "users" WHERE "users"."id" = $1[0m  [["id", 3]]
  [1m[35m (12.0ms)[0m  [1m[35mCOMMIT[0m
  [1m[35m (0.2ms)[0m  [1m[34mSELECT pg_try_advisory_lock(1283834660985165555)[0m
  ↳ bin/rails:9
  [1m[35m (1.2ms)[0m  [1m[34mSELECT "schema_migrations"."version" FROM "schema_migrations" ORDER BY "schema_migrations"."version" ASC[0m
  ↳ bin/rails:9
Migrating to ReplaceUsernameWithNames (20201116202311)
  [1m[35m (0.2ms)[0m  [1m[35mBEGIN[0m
  ↳ bin/rails:9
  [1m[35m (24.6ms)[0m  [1m[35mALTER TABLE "users" DROP COLUMN "username"[0m
  ↳ db/migrate/20201116202311_replace_username_with_names.rb:3
  [1m[35m (1.5ms)[0m  [1m[35mALTER TABLE "users" ADD "fname" character varying NOT NULL[0m
  ↳ db/migrate/20201116202311_replace_username_with_names.rb:4
  [1m[35m (0.4ms)[0m  [1m[35mALTER TABLE "users" ADD "lname" character varying NOT NULL[0m
  ↳ db/migrate/20201116202311_replace_username_with_names.rb:5
  [1m[35m (0.5ms)[0m  [1m[35mALTER TABLE "users" ADD "age" character varying NOT NULL[0m
  ↳ db/migrate/20201116202311_replace_username_with_names.rb:6
  [1m[36mActiveRecord::SchemaMigration Create (0.5ms)[0m  [1m[32mINSERT INTO "schema_migrations" ("version") VALUES ($1) RETURNING "version"[0m  [["version", "20201116202311"]]
  ↳ bin/rails:9
  [1m[35m (2.5ms)[0m  [1m[35mCOMMIT[0m
  ↳ bin/rails:9
  [1m[36mActiveRecord::InternalMetadata Load (6.4ms)[0m  [1m[34mSELECT  "ar_internal_metadata".* FROM "ar_internal_metadata" WHERE "ar_internal_metadata"."key" = $1 LIMIT $2[0m  [["key", "environment"], ["LIMIT", 1]]
  ↳ bin/rails:9
  [1m[35m (0.2ms)[0m  [1m[35mBEGIN[0m
  ↳ bin/rails:9
  [1m[35m (0.2ms)[0m  [1m[35mCOMMIT[0m
  ↳ bin/rails:9
  [1m[35m (0.3ms)[0m  [1m[34mSELECT pg_advisory_unlock(1283834660985165555)[0m
  ↳ bin/rails:9
  [1m[35m (0.2ms)[0m  [1m[34mSELECT "schema_migrations"."version" FROM "schema_migrations" ORDER BY "schema_migrations"."version" ASC[0m
  ↳ bin/rails:9
Started GET "/" for ::1 at 2020-11-16 12:27:25 -0800
  [1m[35m (1.2ms)[0m  [1m[34mSELECT "schema_migrations"."version" FROM "schema_migrations" ORDER BY "schema_migrations"."version" ASC[0m
  ↳ /Users/jlimaginationav2pro/.rbenv/versions/2.5.1/lib/ruby/gems/2.5.0/gems/activerecord-5.2.4.4/lib/active_record/log_subscriber.rb:98
Processing by StaticPagesController#root as HTML
  Rendering static_pages/root.html.erb within layouts/application
  Rendered static_pages/root.html.erb within layouts/application (1.9ms)
Completed 200 OK in 1324ms (Views: 1316.2ms | ActiveRecord: 0.0ms)


Started GET "/" for ::1 at 2020-11-16 12:46:50 -0800
Processing by StaticPagesController#root as HTML
  Rendering static_pages/root.html.erb within layouts/application
  Rendered static_pages/root.html.erb within layouts/application (0.3ms)
Completed 200 OK in 27ms (Views: 24.0ms | ActiveRecord: 0.0ms)


Started GET "/" for ::1 at 2020-11-16 12:46:57 -0800
Processing by StaticPagesController#root as HTML
  Rendering static_pages/root.html.erb within layouts/application
  Rendered static_pages/root.html.erb within layouts/application (0.2ms)
Completed 200 OK in 25ms (Views: 22.5ms | ActiveRecord: 0.0ms)


Started GET "/" for ::1 at 2020-11-16 12:48:00 -0800
Processing by StaticPagesController#root as HTML
  Rendering static_pages/root.html.erb within layouts/application
  Rendered static_pages/root.html.erb within layouts/application (0.5ms)
Completed 200 OK in 367ms (Views: 363.4ms | ActiveRecord: 0.0ms)


Started GET "/" for ::1 at 2020-11-16 12:49:09 -0800
Processing by StaticPagesController#root as HTML
  Rendering static_pages/root.html.erb within layouts/application
  Rendered static_pages/root.html.erb within layouts/application (0.3ms)
Completed 200 OK in 485ms (Views: 482.1ms | ActiveRecord: 0.0ms)


Started GET "/" for ::1 at 2020-11-16 12:51:25 -0800
Processing by StaticPagesController#root as HTML
  Rendering static_pages/root.html.erb within layouts/application
  Rendered static_pages/root.html.erb within layouts/application (0.3ms)
Completed 200 OK in 486ms (Views: 482.4ms | ActiveRecord: 0.0ms)


Started GET "/" for ::1 at 2020-11-16 12:51:50 -0800
Processing by StaticPagesController#root as HTML
  Rendering static_pages/root.html.erb within layouts/application
  Rendered static_pages/root.html.erb within layouts/application (0.4ms)
Completed 200 OK in 513ms (Views: 509.1ms | ActiveRecord: 0.0ms)


Started GET "/" for ::1 at 2020-11-16 12:52:11 -0800
Processing by StaticPagesController#root as HTML
  Rendering static_pages/root.html.erb within layouts/application
  Rendered static_pages/root.html.erb within layouts/application (0.4ms)
Completed 200 OK in 527ms (Views: 521.4ms | ActiveRecord: 0.0ms)


Started GET "/" for ::1 at 2020-11-16 12:52:28 -0800
Processing by StaticPagesController#root as HTML
  Rendering static_pages/root.html.erb within layouts/application
  Rendered static_pages/root.html.erb within layouts/application (0.2ms)
Completed 200 OK in 442ms (Views: 437.7ms | ActiveRecord: 0.0ms)


